<?xml version="1.1" encoding="UTF-8"?>
<testsuite name="LinkedListTest" tests="5" failures="0" errors="0" timestamp="2014-01-04T03:42:39" hostname="R2D2" time="0.0040">
  <properties/>
  <testcase name="testAddNull" classname="LinkedListTest" time="0.0020"/>
  <testcase name="testRemoveFromSimpleLinkedList" classname="LinkedListTest" time="0.0010"/>
  <testcase name="testContains" classname="LinkedListTest" time="0.0"/>
  <testcase name="testRemoveNull" classname="LinkedListTest" time="0.0"/>
  <testcase name="testAddToSimpleLinkedList" classname="LinkedListTest" time="0.0"/>
  <system-out><![CDATA[]]></system-out>
  <system-err><![CDATA[]]></system-err>
</testsuite>
